drillapp/android/app/build/intermediates/manifest_merge_blame_file/debug/manifest-merger-blame-debug-report.txt
1<?xml version="1.0" encoding="utf-8"?>
2<manifest xmlns:android="http://schemas.android.com/apk/res/android"
3    package="com.drillapp"
4    android:versionCode="1"
5    android:versionName="1.0" >
6
7    <uses-sdk
8        android:minSdkVersion="21"
9        android:targetSdkVersion="33" />
10
11    <uses-permission android:name="android.permission.SYSTEM_ALERT_WINDOW" />
11-->src\debug\AndroidManifest.xml:5:5-77
11-->src\debug\AndroidManifest.xml:5:22-75
12    <uses-permission android:name="android.permission.INTERNET" />
12-->src\main\AndroidManifest.xml:4:5-67
12-->src\main\AndroidManifest.xml:4:22-64
13    <uses-permission android:name="android.permission.ACCESS_FINE_LOCATION" />
13-->src\main\AndroidManifest.xml:5:5-79
13-->src\main\AndroidManifest.xml:5:22-76
14    <uses-permission android:name="android.permission.CAMERA" />
14-->src\main\AndroidManifest.xml:6:5-65
14-->src\main\AndroidManifest.xml:6:22-62
15    <uses-permission android:name="android.permission.WRITE_EXTERNAL_STORAGE" />
15-->src\main\AndroidManifest.xml:7:5-80
15-->src\main\AndroidManifest.xml:7:22-78
16    <uses-permission android:name="android.permission.ACCESS_WIFI_STATE" />
16-->[com.facebook.flipper:flipper:0.182.0] AndroidManifest.xml:16:5-76
16-->[com.facebook.flipper:flipper:0.182.0] AndroidManifest.xml:16:22-73
17
18    <queries>
18-->[com.kakao.sdk:v2-common:2.11.2] AndroidManifest.xml:9:5-22:15
19        <package android:name="com.kakao.talk" />
19-->[com.kakao.sdk:v2-common:2.11.2] AndroidManifest.xml:10:9-50
19-->[com.kakao.sdk:v2-common:2.11.2] AndroidManifest.xml:10:18-47
20        <package android:name="com.kakao.talk.alpha" />
20-->[com.kakao.sdk:v2-common:2.11.2] AndroidManifest.xml:11:9-56
20-->[com.kakao.sdk:v2-common:2.11.2] AndroidManifest.xml:11:18-53
21        <package android:name="com.kakao.talk.sandbox" />
21-->[com.kakao.sdk:v2-common:2.11.2] AndroidManifest.xml:12:9-58
21-->[com.kakao.sdk:v2-common:2.11.2] AndroidManifest.xml:12:18-55
22        <package android:name="com.kakao.onetalk" />
22-->[com.kakao.sdk:v2-common:2.11.2] AndroidManifest.xml:13:9-53
22-->[com.kakao.sdk:v2-common:2.11.2] AndroidManifest.xml:13:18-50
23
24        <intent>
24-->[com.kakao.sdk:v2-common:2.11.2] AndroidManifest.xml:15:9-21:18
25            <action android:name="android.intent.action.VIEW" />
25-->src\main\AndroidManifest.xml:32:9-61
25-->src\main\AndroidManifest.xml:32:17-58
26
27            <category android:name="android.intent.category.BROWSABLE" />
27-->src\main\AndroidManifest.xml:34:9-70
27-->src\main\AndroidManifest.xml:34:19-67
28
29            <data android:scheme="https" />
29-->src\main\AndroidManifest.xml:35:9-93
29-->src\main\AndroidManifest.xml:35:36-90
30        </intent>
31    </queries>
32
33    <application
33-->src\main\AndroidManifest.xml:9:5-38:19
34        android:name="com.drillapp.MainApplication"
34-->src\main\AndroidManifest.xml:10:7-38
35        android:allowBackup="true"
35-->src\main\AndroidManifest.xml:14:7-33
36        android:appComponentFactory="androidx.core.app.CoreComponentFactory"
36-->[androidx.core:core:1.7.0] AndroidManifest.xml:24:18-86
37        android:debuggable="true"
38        android:icon="@mipmap/ic_launcher"
38-->src\main\AndroidManifest.xml:12:7-41
39        android:label="@string/app_name"
39-->src\main\AndroidManifest.xml:11:7-39
40        android:roundIcon="@mipmap/ic_launcher_round"
40-->src\main\AndroidManifest.xml:13:7-52
41        android:theme="@style/AppTheme"
41-->src\main\AndroidManifest.xml:15:7-38
42        android:usesCleartextTraffic="true" >
42-->src\debug\AndroidManifest.xml:8:9-44
43        <activity
43-->src\debug\AndroidManifest.xml:11:9-111
44            android:name="com.facebook.react.devsupport.DevSettingsActivity"
44-->src\debug\AndroidManifest.xml:11:19-83
45            android:exported="false" />
45-->src\debug\AndroidManifest.xml:11:84-108
46        <activity
46-->src\main\AndroidManifest.xml:16:7-27:18
47            android:name="com.drillapp.MainActivity"
47-->src\main\AndroidManifest.xml:17:9-37
48            android:configChanges="keyboard|keyboardHidden|orientation|screenLayout|screenSize|smallestScreenSize|uiMode"
48-->src\main\AndroidManifest.xml:19:9-118
49            android:exported="true"
49-->src\main\AndroidManifest.xml:22:9-32
50            android:label="@string/app_name"
50-->src\main\AndroidManifest.xml:18:9-41
51            android:launchMode="singleTask"
51-->src\main\AndroidManifest.xml:20:9-40
52            android:windowSoftInputMode="adjustNothing" >
52-->src\main\AndroidManifest.xml:21:9-52
53            <intent-filter>
53-->src\main\AndroidManifest.xml:23:9-26:25
54                <action android:name="android.intent.action.MAIN" />
54-->src\main\AndroidManifest.xml:24:13-65
54-->src\main\AndroidManifest.xml:24:21-62
55
56                <category android:name="android.intent.category.LAUNCHER" />
56-->src\main\AndroidManifest.xml:25:13-73
56-->src\main\AndroidManifest.xml:25:23-70
57            </intent-filter>
58        </activity>
59        <activity
59-->src\main\AndroidManifest.xml:29:7-37:16
60            android:name="com.kakao.sdk.auth.AuthCodeHandlerActivity"
60-->src\main\AndroidManifest.xml:29:17-74
61            android:exported="true"
61-->src\main\AndroidManifest.xml:30:7-30
62            android:launchMode="singleTask"
62-->[com.kakao.sdk:v2-auth:2.11.2] AndroidManifest.xml:18:13-44
63            android:theme="@style/TransparentCompat" >
63-->[com.kakao.sdk:v2-auth:2.11.2] AndroidManifest.xml:19:13-53
64            <intent-filter>
64-->src\main\AndroidManifest.xml:31:7-36:23
65                <action android:name="android.intent.action.VIEW" />
65-->src\main\AndroidManifest.xml:32:9-61
65-->src\main\AndroidManifest.xml:32:17-58
66
67                <category android:name="android.intent.category.DEFAULT" />
67-->src\main\AndroidManifest.xml:33:9-68
67-->src\main\AndroidManifest.xml:33:19-65
68                <category android:name="android.intent.category.BROWSABLE" />
68-->src\main\AndroidManifest.xml:34:9-70
68-->src\main\AndroidManifest.xml:34:19-67
69
70                <data
70-->src\main\AndroidManifest.xml:35:9-93
71                    android:host="oauth"
71-->src\main\AndroidManifest.xml:35:15-35
72                    android:scheme="kakao58f35d36bfafe0b76205fb5acf5894e2" />
72-->src\main\AndroidManifest.xml:35:36-90
73            </intent-filter>
74        </activity>
75
76        <provider
76-->[:react-native-image-picker] AndroidManifest.xml:8:9-16:20
77            android:name="com.imagepicker.ImagePickerProvider"
77-->[:react-native-image-picker] AndroidManifest.xml:9:13-63
78            android:authorities="com.drillapp.imagepickerprovider"
78-->[:react-native-image-picker] AndroidManifest.xml:10:13-71
79            android:exported="false"
79-->[:react-native-image-picker] AndroidManifest.xml:11:13-37
80            android:grantUriPermissions="true" >
80-->[:react-native-image-picker] AndroidManifest.xml:12:13-47
81            <meta-data
81-->[:react-native-image-picker] AndroidManifest.xml:13:13-15:70
82                android:name="android.support.FILE_PROVIDER_PATHS"
82-->[:react-native-image-picker] AndroidManifest.xml:14:17-67
83                android:resource="@xml/imagepicker_provider_paths" />
83-->[:react-native-image-picker] AndroidManifest.xml:15:17-67
84        </provider>
85
86        <activity
86-->[com.kakao.sdk:v2-auth:2.11.2] AndroidManifest.xml:10:9-15:56
87            android:name="com.kakao.sdk.auth.TalkAuthCodeActivity"
87-->[com.kakao.sdk:v2-auth:2.11.2] AndroidManifest.xml:11:13-67
88            android:configChanges="orientation|screenSize|keyboardHidden"
88-->[com.kakao.sdk:v2-auth:2.11.2] AndroidManifest.xml:12:13-74
89            android:exported="false"
89-->[com.kakao.sdk:v2-auth:2.11.2] AndroidManifest.xml:13:13-37
90            android:launchMode="singleTask"
90-->[com.kakao.sdk:v2-auth:2.11.2] AndroidManifest.xml:14:13-44
91            android:theme="@style/TransparentCompat" />
91-->[com.kakao.sdk:v2-auth:2.11.2] AndroidManifest.xml:15:13-53
92
93        <meta-data
93-->[com.facebook.soloader:soloader:0.10.5] AndroidManifest.xml:12:9-14:37
94            android:name="com.facebook.soloader.enabled"
94-->[com.facebook.soloader:soloader:0.10.5] AndroidManifest.xml:13:13-57
95            android:value="false" />
95-->[com.facebook.soloader:soloader:0.10.5] AndroidManifest.xml:14:13-34
96
97        <provider
97-->[androidx.emoji2:emoji2:1.0.0] AndroidManifest.xml:26:9-34:20
98            android:name="androidx.startup.InitializationProvider"
98-->[androidx.emoji2:emoji2:1.0.0] AndroidManifest.xml:27:13-67
99            android:authorities="com.drillapp.androidx-startup"
99-->[androidx.emoji2:emoji2:1.0.0] AndroidManifest.xml:28:13-68
100            android:exported="false" >
100-->[androidx.emoji2:emoji2:1.0.0] AndroidManifest.xml:29:13-37
101            <meta-data
101-->[androidx.emoji2:emoji2:1.0.0] AndroidManifest.xml:31:13-33:52
102                android:name="androidx.emoji2.text.EmojiCompatInitializer"
102-->[androidx.emoji2:emoji2:1.0.0] AndroidManifest.xml:32:17-75
103                android:value="androidx.startup" />
103-->[androidx.emoji2:emoji2:1.0.0] AndroidManifest.xml:33:17-49
104            <meta-data
104-->[androidx.lifecycle:lifecycle-process:2.4.0] AndroidManifest.xml:31:13-33:52
105                android:name="androidx.lifecycle.ProcessLifecycleInitializer"
105-->[androidx.lifecycle:lifecycle-process:2.4.0] AndroidManifest.xml:32:17-78
106                android:value="androidx.startup" />
106-->[androidx.lifecycle:lifecycle-process:2.4.0] AndroidManifest.xml:33:17-49
107        </provider>
108    </application>
109
110</manifest>